Microsoft Windows [Version 10.0.19045.4046]
(c) Microsoft Corporation. All rights reserved.

C:\Users\sahan\OneDrive\Documents\GitHub\c-activity-set>cd "c:\Users\sahan\OneDrive\Documents\GitHub\c-activity-set\set04"

c:\Users\sahan\OneDrive\Documents\GitHub\c-activity-set\set04>gcc -g "c:\Users\sahan\OneDrive\Documents\GitHub\c-activity-set\set04\problem02.c" -o "c:\Users\sahan\OneDrive\Documents\GitHub\c-activity-set\set04\problem02.exe" 2>&1

c:\Users\sahan\OneDrive\Documents\GitHub\c-activity-set\set04>"c:\Users\sahan\OneDrive\Documents\GitHub\c-activity-set\set04\problem02.exe"
Enter the first fraction (numerator denominator): git add .
Enter the second fraction (numerator denominator): Enter the third fraction (numerator denominator): The smallest fraction is: 3895296/4194432

c:\Users\sahan\OneDrive\Documents\GitHub\c-activity-set\set04>git commit -m "committed 2/29/2024, 11:26:30 PM"
On branch main
Your branch is up to date with 'origin/main'.

Changes not staged for commit:
  (use "git add <file>..." to update what will be committed)
  (use "git restore <file>..." to discard changes in working directory)
        modified:   problem02.c

Untracked files:
  (use "git add <file>..." to include in what will be committed)
        problem02_compile_errors.txt

no changes added to commit (use "git add" and/or "git commit -a")

c:\Users\sahan\OneDrive\Documents\GitHub\c-activity-set\set04>git push
Everything up-to-date

c:\Users\sahan\OneDrive\Documents\GitHub\c-activity-set\set04>cd "c:\Users\sahan\OneDrive\Documents\GitHub\c-activity-set\set04"

c:\Users\sahan\OneDrive\Documents\GitHub\c-activity-set\set04>gdb ./problem02
GNU gdb (GDB) 7.6.1
Copyright (C) 2013 Free Software Foundation, Inc.
License GPLv3+: GNU GPL version 3 or later <http://gnu.org/licenses/gpl.html>
This is free software: you are free to change and redistribute it.
There is NO WARRANTY, to the extent permitted by law.  Type "show copying"
and "show warranty" for details.
This GDB was configured as "mingw32".
For bug reporting instructions, please see:
<http://www.gnu.org/software/gdb/bugs/>...
Reading symbols from c:\Users\sahan\OneDrive\Documents\GitHub\c-activity-set\set04\problem02.exe...done.
(gdb) c
The program is not being run.
(gdb) set logging file problem02_debug.log
(gdb) set logging enabled on
Undefined set logging command: "enabled on".  Try "help set logging".
(gdb) set logging on
Copying output to problem02_debug.log.
(gdb) set trace-commands on
(gdb)+set trace-commands on
+set trace-commands on
+quit
