Microsoft Windows [Version 10.0.19045.4046]
(c) Microsoft Corporation. All rights reserved.

C:\Users\sahan\OneDrive\Documents\GitHub\c-activity-set>cd "c:\Users\sahan\OneDrive\Documents\GitHub\c-activity-set\set04"

c:\Users\sahan\OneDrive\Documents\GitHub\c-activity-set\set04>gcc -g "c:\Users\sahan\OneDrive\Documents\GitHub\c-activity-set\set04\problem03.c" -o "c:\Users\sahan\OneDrive\Documents\GitHub\c-activity-set\set04\problem03.exe" 2>&1

c:\Users\sahan\OneDrive\Documents\GitHub\c-activity-set\set04>"c:\Users\sahan\OneDrive\Documents\GitHub\c-activity-set\set04\problem03.exe"
enter n and r:  6
3
20
c:\Users\sahan\OneDrive\Documents\GitHub\c-activity-set\set04>git add .
warning: in the working copy of 'set04/problem03_compile_errors.txt', LF will be replaced by CRLF the next time Git touches it

c:\Users\sahan\OneDrive\Documents\GitHub\c-activity-set\set04>git commit -m "committed 3/1/2024, 7:00:13 
PM"
error: short read while indexing .vscode/settings.json
[main dc9b828] committed 3/1/2024, 7:00:13 PM
 2 files changed, 29 insertions(+)
 create mode 100644 set04/problem03_compile_errors.txt

c:\Users\sahan\OneDrive\Documents\GitHub\c-activity-set\set04>git push
Enumerating objects: 8, done.
Counting objects: 100% (8/8), done.
Delta compression using up to 16 threads
Compressing objects: 100% (5/5), done.
Writing objects: 100% (5/5), 697 bytes | 174.00 KiB/s, done.
Total 5 (delta 2), reused 0 (delta 0), pack-reused 0
remote: Resolving deltas: 100% (2/2), completed with 2 local objects.
To https://github.com/Anjaniksah/c-activity-set.git
   3de7dbb..dc9b828  main -> main

c:\Users\sahan\OneDrive\Documents\GitHub\c-activity-set\set04>cd "c:\Users\sahan\OneDrive\Documents\GitHub\c-activity-set\set04"

c:\Users\sahan\OneDrive\Documents\GitHub\c-activity-set\set04>gdb ./problem03
GNU gdb (GDB) 7.6.1
Copyright (C) 2013 Free Software Foundation, Inc.
License GPLv3+: GNU GPL version 3 or later <http://gnu.org/licenses/gpl.html>
This is free software: you are free to change and redistribute it.
There is NO WARRANTY, to the extent permitted by law.  Type "show copying"
and "show warranty" for details.
This GDB was configured as "mingw32".
For bug reporting instructions, please see:
<http://www.gnu.org/software/gdb/bugs/>...
Reading symbols from c:\Users\sahan\OneDrive\Documents\GitHub\c-activity-set\set04\problem03.exe...done.
(gdb) c
The program is not being run.
(gdb) set logging file problem03_debug.log
(gdb) set logging enabled on
Undefined set logging command: "enabled on".  Try "help set logging".
(gdb) set logging on
Copying output to problem03_debug.log.
(gdb) set trace-commands on
(gdb)